Arguments: 
  /usr/local/bin/node /usr/local/bin/yarn install

PATH: 
  /home/gesit/.rbenv/plugins/ruby-build/bin:/home/gesit/.rbenv/plugins/ruby-build/bin:/home/gesit/.rbenv/shims:/home/gesit/.rbenv/bin:/usr/local/sbin:/usr/local/bin:/usr/sbin:/usr/bin:/sbin:/bin:/usr/games:/usr/local/games:/snap/bin

Yarn version: 
  1.22.19

Node version: 
  16.17.1

Platform: 
  linux x64

Trace: 
  SyntaxError: /home/gesit/Documents/Project/elvin/package.json: Unexpected token } in JSON at position 143
      at JSON.parse (<anonymous>)
      at /usr/local/lib/node_modules/yarn/lib/cli.js:1629:59
      at Generator.next (<anonymous>)
      at step (/usr/local/lib/node_modules/yarn/lib/cli.js:310:30)
      at /usr/local/lib/node_modules/yarn/lib/cli.js:321:13

npm manifest: 
  {
    "name": "elvin_app",
    "private": true,
    "dependencies": {
      "postcss": "^8.4.17",
      "uppy": "^1.26.1",
      "puppeteer": "^19.2.2",
    }
  }

yarn manifest: 
  No manifest

Lockfile: 
  # THIS IS AN AUTOGENERATED FILE. DO NOT EDIT THIS FILE DIRECTLY.
  # yarn lockfile v1
  
  
  "@popperjs/core@^2.11.6":
    version "2.11.6"
    resolved "https://registry.yarnpkg.com/@popperjs/core/-/core-2.11.6.tgz#cee20bd55e68a1720bdab363ecf0c821ded4cd45"
    integrity sha512-50/17A98tWUfQ176raKiOGXuYpLyyVMkxxG6oylzL3BPOlA6ADGdK7EYunSa4I064xerltq9TGXs8HmOk5E+vw==
  
  "@rails/ujs@^7.0.4":
    version "7.0.4"
    resolved "https://registry.yarnpkg.com/@rails/ujs/-/ujs-7.0.4.tgz#7fe5387d2d82b0547fdfc6667b424ec119c86b1e"
    integrity sha512-UY9yQxBvtqXzXScslgPwZoQd16T0+z3P6BQS4lZDJFg5xVuMIgHkHQI6dhyWEt5l/qwbGaYX+YiZu6J+oxWPOw==
  
  "@transloadit/prettier-bytes@0.0.7":
    version "0.0.7"
    resolved "https://registry.yarnpkg.com/@transloadit/prettier-bytes/-/prettier-bytes-0.0.7.tgz#cdb5399f445fdd606ed833872fa0cabdbc51686b"
    integrity sha512-VeJbUb0wEKbcwaSlj5n+LscBl9IPgLPkHVGBkh00cztv6X4L/TJXK58LzFuBKX7/GAfiGhIwH67YTLTlzvIzBA==
  
  "@uppy/aws-s3-multipart@^1.8.18":
    version "1.8.18"
    resolved "https://registry.yarnpkg.com/@uppy/aws-s3-multipart/-/aws-s3-multipart-1.8.18.tgz#d0b3ede025d06b615ad3df90c3771eed38f68d87"
    integrity sha512-m+IJSsDF253igTlQb2vgCTetqd+qgNIBX48i8HGnLj4rBfRd4FjpBpcV7DgfAn7QVOfrQOgOJoz9cGtXdaZ3lA==
    dependencies:
      "@uppy/companion-client" "^1.10.2"
      "@uppy/utils" "^3.6.2"
  
  "@uppy/aws-s3@^1.8.0":
    version "1.8.0"
    resolved "https://registry.yarnpkg.com/@uppy/aws-s3/-/aws-s3-1.8.0.tgz#3f1ffdc01891011e6d68a9020736cf6e705ab0fb"
    integrity sha512-8fSHgoNcnZoFk6PyciRzGXj00Uhv+cXIgweuZXnRAJ8NB1ZLiY+R39aKzESG4wrgjbWklaohQtUpPdcGbvMoyg==
    dependencies:
      "@uppy/companion-client" "^1.10.2"
      "@uppy/utils" "^3.6.2"
      "@uppy/xhr-upload" "^1.7.5"
      cuid "^2.1.1"
      qs-stringify "^1.1.0"
      url-parse "^1.4.7"
  
  "@uppy/box@^0.3.12":
    version "0.3.12"
    resolved "https://registry.yarnpkg.com/@uppy/box/-/box-0.3.12.tgz#4da1c9e4f1aabfd63275add72c52b6727eaa3fa8"
    integrity sha512-xuoFo6C03Hsqys4mKN8VVuZOyr5lJTc5jBRxShEEFt7pAfVvvIRIlwmxuhaoHUCRBtk0w2dvebIHetVEszfN4A==
    dependencies:
      "@uppy/companion-client" "^1.10.2"
      "@uppy/provider-views" "^1.12.3"
      "@uppy/utils" "^3.6.2"
      preact "8.2.9"
  
  "@uppy/companion-client@^1.10.2":
    version "1.10.2"
    resolved "https://registry.yarnpkg.com/@uppy/companion-client/-/companion-client-1.10.2.tgz#a640b3ef90b91751c49bf4b6a7a63c2ebac294f6"
    integrity sha512-5RmsNF9UBvUqmqQz48SoiLvkpGmvQTgwNM4bJX8xwVozv/6goRpFrsMJGLwqFcHS/9xj6STKOqrM582g8exVwQ==
    dependencies:
      "@uppy/utils" "^3.6.2"
      namespace-emitter "^2.0.1"
      qs-stringify "^1.1.0"
      url-parse "^1.4.7"
  
  "@uppy/core@^1.20.1":
    version "1.20.1"
    resolved "https://registry.yarnpkg.com/@uppy/core/-/core-1.20.1.tgz#23ca28d4388c29987fdc4e65a968474dcdc303c6"
    integrity sha512-Z0yGixSNOSMgT/2aLylXQaEBB6X32RqGLQUgDJDK08jI0ZcMha5glNhD2RU1Gs9noQOAR/f7QwBssSnYJUNRfg==
    dependencies:
      "@transloadit/prettier-bytes" "0.0.7"
      "@uppy/store-default" "^1.2.7"
      "@uppy/utils" "^3.6.2"
      cuid "^2.1.1"
      lodash.throttle "^4.1.1"
      mime-match "^1.0.2"
      namespace-emitter "^2.0.1"
      preact "8.2.9"
  
  "@uppy/dashboard@^1.21.1":
    version "1.21.1"
    resolved "https://registry.yarnpkg.com/@uppy/dashboard/-/dashboard-1.21.1.tgz#c920d3af69b61413ef109608dde9b12d3c8a434b"
    integrity sha512-psMwBVxxhAZxYkRds4e//+Sx3zkFYRnYpt4jaF4hmwpL9SehlyhQKwaB/scZz/O4yshmgTN8Sri0mYK5FSh5SQ==
    dependencies:
      "@transloadit/prettier-bytes" "0.0.7"
      "@uppy/informer" "^1.6.6"
      "@uppy/provider-views" "^1.12.3"
      "@uppy/status-bar" "^1.9.6"
      "@uppy/thumbnail-generator" "^1.7.11"
      "@uppy/utils" "^3.6.2"
      classnames "^2.2.6"
      cuid "^2.1.1"
      is-shallow-equal "^1.0.1"
      lodash.debounce "^4.0.8"
      lodash.throttle "^4.1.1"
      memoize-one "^5.0.4"
      preact "8.2.9"
      resize-observer-polyfill "^1.5.0"
  
  "@uppy/drag-drop@^1.4.31":
    version "1.4.31"
    resolved "https://registry.yarnpkg.com/@uppy/drag-drop/-/drag-drop-1.4.31.tgz#fe342e2d653c8454c8dd9be1e95dbed5726772a6"
    integrity sha512-a9/WKOdAhz9mfFYI9JJNEGLP3TI8RQChndpFkjlxbsD82x2WHSB1TyWTslMdSCK6Ed3pV5IYyBVqDGsTqgveYg==
    dependencies:
      "@uppy/utils" "^3.6.2"
      preact "8.2.9"
  
  "@uppy/drop-target@^0.2.4":
    version "0.2.4"
    resolved "https://registry.yarnpkg.com/@uppy/drop-target/-/drop-target-0.2.4.tgz#92e4ffa0d34781a37760e98850262c14b8718c2d"
    integrity sha512-aRACD7f5jznt7NhLAtw/Nyi94XVjgYnqO3LN2mIbBQrsoQ+mINMzIu4rdVBhpGvk7qNM6961d5jPmPYSUBNiUw==
    dependencies:
      "@uppy/utils" "^3.6.2"
  
  "@uppy/dropbox@^1.5.2":
    version "1.5.2"
    resolved "https://registry.yarnpkg.com/@uppy/dropbox/-/dropbox-1.5.2.tgz#aed0455fadfa21014e78ea70934b09af34a5afa7"
    integrity sha512-DSuLUozHsg72qLzlZ1b1qZ9L9gdKFdtgkd2PURpOAJPRHHNchCQDdkBSPS8aHNAuErDKFxg71DcO3CIzbZ054A==
    dependencies:
      "@uppy/companion-client" "^1.10.2"
      "@uppy/provider-views" "^1.12.3"
      "@uppy/utils" "^3.6.2"
      preact "8.2.9"
  
  "@uppy/facebook@^1.2.2":
    version "1.2.2"
    resolved "https://registry.yarnpkg.com/@uppy/facebook/-/facebook-1.2.2.tgz#c0a8467e053cb0d741133fb20fc0c04bc3c8e8a1"
    integrity sha512-DoOQJjhy4y4DRK5iKLU9ayub4ao7cAdBd0lOsGTjyFtWzdnK9RcisZ7FDlXe2QK4ekdiFFdnBE3mOYTgYzw3gg==
    dependencies:
      "@uppy/companion-client" "^1.10.2"
      "@uppy/provider-views" "^1.12.3"
      "@uppy/utils" "^3.6.2"
      preact "8.2.9"
  
  "@uppy/file-input@^1.5.2":
    version "1.5.2"
    resolved "https://registry.yarnpkg.com/@uppy/file-input/-/file-input-1.5.2.tgz#0f9797ae9053946ba16d73ee2606c69afc64b872"
    integrity sha512-EI7IROt2qyGm3EoGDmb4UiWNe/P8YsGAcoCZZqFlTLkBlK7Yen5yxzQ4+KH7jWZYM6BynYnHl18aMdRcDWf/UA==
    dependencies:
      "@uppy/utils" "^3.6.2"
      preact "8.2.9"
  
  "@uppy/form@^1.3.31":
    version "1.3.31"
    resolved "https://registry.yarnpkg.com/@uppy/form/-/form-1.3.31.tgz#13b3537d2fb8b62ed3186e2190da85261dbf11af"
    integrity sha512-FyhJSJgdYDkLAuMqYo1d7f469PbbU3wrLbyoSDtZTEDBUXeE7b4g3ygqrFhlZsxbpwGvO/ygg2/8z0Dlvt7dBQ==
    dependencies:
      "@uppy/utils" "^3.6.2"
      get-form-data "^2.0.0"
  
  "@uppy/golden-retriever@^1.4.2":
    version "1.4.2"
    resolved "https://registry.yarnpkg.com/@uppy/golden-retriever/-/golden-retriever-1.4.2.tgz#ff994721a391db23f6229c4dfedeaf3f9a6c4660"
    integrity sha512-beMRrXGZ/qdLlKW5vQN8TuXFNoeGdFnBnriKxDHMYGXEo+fKTLTqXDeFgPYqXa337H7sb1StdzCnb8YDYyDPnQ==
    dependencies:
      "@transloadit/prettier-bytes" "0.0.7"
      "@uppy/utils" "^3.6.2"
      lodash.throttle "^4.1.1"
  
  "@uppy/google-drive@^1.7.2":
    version "1.7.2"
    resolved "https://registry.yarnpkg.com/@uppy/google-drive/-/google-drive-1.7.2.tgz#59869c965de9c197aa052cfda3f885df1f9f96c4"
    integrity sha512-29w2e36gX4394ly5t+JMhg4WVr2vpo7a46PLHKZlNwbiPKrEqBUyLy/seCxHUH+6qNtrHFIWQoLTwrlMCEOi3w==
    dependencies:
      "@uppy/companion-client" "^1.10.2"
      "@uppy/provider-views" "^1.12.3"
      "@uppy/utils" "^3.6.2"
      preact "8.2.9"
  
  "@uppy/image-editor@^0.4.0":
    version "0.4.0"
    resolved "https://registry.yarnpkg.com/@uppy/image-editor/-/image-editor-0.4.0.tgz#43f1347cf65fb188f34fe01e9861838c4d29f3de"
    integrity sha512-W6sFZSWjjx8+NmESPrbCOPK+svWES+T2Odrw6FV8MPZYs/k8hHlfKcqC2Dr+k1M2Ii1gVS7dSSAHEbEsurKoEQ==
    dependencies:
      "@uppy/utils" "^3.6.2"
      cropperjs "1.5.7"
      preact "8.2.9"
  
  "@uppy/informer@^1.6.6":
    version "1.6.6"
    resolved "https://registry.yarnpkg.com/@uppy/informer/-/informer-1.6.6.tgz#94090ab74997f10c2a2151c04b1c75484bdfe7eb"
    integrity sha512-9rZoAqNrKQN/HINnGg8rGnKEliLgc+9/tQQ0f9QcBgRIu/rnbBCTwS+qnGGdjYBdEJTSbHx+U7X9ufjrrjB+CA==
    dependencies:
      "@uppy/utils" "^3.6.2"
      preact "8.2.9"
  
  "@uppy/instagram@^1.5.2":
    version "1.5.2"
    resolved "https://registry.yarnpkg.com/@uppy/instagram/-/instagram-1.5.2.tgz#6141457e3d0b2fb5812d5c49b808d430cd66dd33"
    integrity sha512-hfBfO3P++sI5LNvtpHb6h5Ow/nOu2LgPeIQZ2xaeeQXjDg+wt8oToF25z+LSwXi69QxCh3mPpWNIGbq/N96Cfw==
    dependencies:
      "@uppy/companion-client" "^1.10.2"
      "@uppy/provider-views" "^1.12.3"
      "@uppy/utils" "^3.6.2"
      preact "8.2.9"
  
  "@uppy/onedrive@^1.2.2":
    version "1.2.2"
    resolved "https://registry.yarnpkg.com/@uppy/onedrive/-/onedrive-1.2.2.tgz#476872b02775521d78f0d3649efec5221ddae817"
    integrity sha512-o1k2/2Sh4BwxzB0c5iSheTCotoSZXsnIdNDEsnO8WJiSclnody3XUuh+D6O5UeQxCFCFS13KJ6RebLGN8t/srQ==
    dependencies:
      "@uppy/companion-client" "^1.10.2"
      "@uppy/provider-views" "^1.12.3"
      "@uppy/utils" "^3.6.2"
      preact "8.2.9"
  
  "@uppy/progress-bar@^1.3.30":
    version "1.3.30"
    resolved "https://registry.yarnpkg.com/@uppy/progress-bar/-/progress-bar-1.3.30.tgz#5bdbc8aab782df15def535c6be47d45ca07964da"
    integrity sha512-MAn20wBMzKc1p9M/Mot4+bV/707EO/DVgoFcvoP8rmA5oZOGMINpvFGR+rUtWQoBFMvKtvs/Wkp8mcR22rCMrw==
    dependencies:
      "@uppy/utils" "^3.6.2"
      preact "8.2.9"
  
  "@uppy/provider-views@^1.12.3":
    version "1.12.3"
    resolved "https://registry.yarnpkg.com/@uppy/provider-views/-/provider-views-1.12.3.tgz#aecfed615bc174abc548539a3c17b39e455aed0e"
    integrity sha512-r2kra3IftmGLeKMEgZbmQM1qXixulWUUzydgpHcZqJOpeNIjJcpspJruYRctrVqaLz/8asw87V4KxDk0U4xGzw==
    dependencies:
      "@uppy/utils" "^3.6.2"
      classnames "^2.2.6"
      preact "8.2.9"
  
  "@uppy/redux-dev-tools@^1.3.9":
    version "1.3.9"
    resolved "https://registry.yarnpkg.com/@uppy/redux-dev-tools/-/redux-dev-tools-1.3.9.tgz#987020ff58bbe8f2093e8cd4b66aeded7c06d62d"
    integrity sha512-OVugq1AbIZ89nRifl5suv7AiC2uE5Ot4QbaTgoS8l0DwMMRpYKYAOc904Wj9F9cTZhaUBXEmTqKlZgL9NVK3FQ==
  
  "@uppy/screen-capture@^1.1.0":
    version "1.1.0"
    resolved "https://registry.yarnpkg.com/@uppy/screen-capture/-/screen-capture-1.1.0.tgz#adbf3378ae35dc4548cdaac9a1b9139ce082ccee"
    integrity sha512-x3LmskHdkSeE+RCUDve+jsxiD9D0MVGk1PivZjnyouTz81QrWtkEOikuJc9hyddTsDUiisxdaOVCj3eJwDWcVQ==
    dependencies:
      "@uppy/utils" "^3.6.2"
      preact "8.2.9"
  
  "@uppy/status-bar@^1.9.6":
    version "1.9.6"
    resolved "https://registry.yarnpkg.com/@uppy/status-bar/-/status-bar-1.9.6.tgz#a04f699444fc7f156c260e5b7c001125e5190a5f"
    integrity sha512-U/KPs5SwZ5d4hJFiCNAdriGHSk1Uhrl+iQmpJS8hoM+8r8rPfwScdua2/ehLuH69Ymwp6k7DpK2DU7UG2XZ+ag==
    dependencies:
      "@transloadit/prettier-bytes" "0.0.7"
      "@uppy/utils" "^3.6.2"
      classnames "^2.2.6"
      lodash.throttle "^4.1.1"
      preact "8.2.9"
  
  "@uppy/store-default@^1.2.7":
    version "1.2.7"
    resolved "https://registry.yarnpkg.com/@uppy/store-default/-/store-default-1.2.7.tgz#41a0b1579f4d5b86c236e7f5e52fdc01960bb011"
    integrity sha512-58IG9yk/i/kYQ9uEwAwMFl1H2V3syOoODrYoFfVHlxaqv+9MkXBg2tHE2gk40iaAIxcCErcPxZkBOvkqzO1SQA==
  
  "@uppy/store-redux@^1.2.8":
    version "1.2.8"
    resolved "https://registry.yarnpkg.com/@uppy/store-redux/-/store-redux-1.2.8.tgz#baef9eed933b316cd2d79478a239cd5a5c8b9a85"
    integrity sha512-9lPPQf8lyADjrjNXe7u8j+Pn2MeIlUXANT8vHXy2WnbYX+WL/r7gqNUd8kiKoMksX1E+gA6VH5rmj6ysL9xVvg==
    dependencies:
      cuid "^2.1.1"
  
  "@uppy/thumbnail-generator@^1.7.11":
    version "1.7.11"
    resolved "https://registry.yarnpkg.com/@uppy/thumbnail-generator/-/thumbnail-generator-1.7.11.tgz#c6f49be90469f220a419ac43c129bf835cc11c41"
    integrity sha512-qo9ZD8ByDMM6gIJ4JPN0V/dWlruYMhmYifhUvDUu0qhPAOTJAqh2hLQ+dlmUXTns8RnDorCXScreICSQ09FuLQ==
    dependencies:
      "@uppy/utils" "^3.6.2"
      exifr "^6.0.0"
      math-log2 "^1.0.1"
  
  "@uppy/transloadit@^1.7.0":
    version "1.7.0"
    resolved "https://registry.yarnpkg.com/@uppy/transloadit/-/transloadit-1.7.0.tgz#39393afd71be47e0f6363618222f3cd0c82f9412"
    integrity sha512-vQOQ+LNLAvkbiD8Zf6TJW4QeYawkADnHwFEj7XiI9npkzC8Lbt3XOLSTibj1vmICVgk277TsqnX3MUhK6+cX+A==
    dependencies:
      "@uppy/companion-client" "^1.10.2"
      "@uppy/provider-views" "^1.12.3"
      "@uppy/tus" "^1.9.2"
      "@uppy/utils" "^3.6.2"
      component-emitter "^1.2.1"
      socket.io-client "~2.2.0"
      url-parse "^1.4.7"
  
  "@uppy/tus@^1.9.2":
    version "1.9.2"
    resolved "https://registry.yarnpkg.com/@uppy/tus/-/tus-1.9.2.tgz#d6e4fa715bc386daa8e7be6e80eb93e4f2abb46e"
    integrity sha512-ejaczrrh6w514XGd3kiDD1PJ8tIgmnV50fuyRwsybDj8HQheKAEu6GsJjxcnctP8NcSx4HNDhazVLPj6+A4p9Q==
    dependencies:
      "@uppy/companion-client" "^1.10.2"
      "@uppy/utils" "^3.6.2"
      tus-js-client "^2.1.1"
  
  "@uppy/unsplash@^0.1.13":
    version "0.1.13"
    resolved "https://registry.yarnpkg.com/@uppy/unsplash/-/unsplash-0.1.13.tgz#e8c3a0d70f098f525a740f0e634a53b8419f2f60"
    integrity sha512-uLowxF+c0Ahs81IXNcitcKlWUumk/kFfK3ZJUB2Un6yuxLn7nrY8Pa3j6T5ukifQEziGIpfQoYW7qmkGqN11eg==
    dependencies:
      "@uppy/companion-client" "^1.10.2"
      "@uppy/provider-views" "^1.12.3"
      "@uppy/utils" "^3.6.2"
      preact "8.2.9"
  
  "@uppy/url@^1.5.23":
    version "1.5.23"
    resolved "https://registry.yarnpkg.com/@uppy/url/-/url-1.5.23.tgz#08622157fa124fc62bab2014a1bc9c712d5b2625"
    integrity sha512-pRmRccuJv2Ad57jPgYckbvozeUhkMouBv2du9+BW9Sr7E5aJPbujwejVOzDcRion7TEH6YvxX1xZoWrXZ/IYOQ==
    dependencies:
      "@uppy/companion-client" "^1.10.2"
      "@uppy/utils" "^3.6.2"
      preact "8.2.9"
  
  "@uppy/utils@^3.6.2":
    version "3.6.2"
    resolved "https://registry.yarnpkg.com/@uppy/utils/-/utils-3.6.2.tgz#78b02455b9c469d927d22736be5b68cda2600826"
    integrity sha512-wGTZma7eywIojfuE1vXlT0fxPSpmCRMkfgFWYc+6TL2FfGqWInmePoB+yal6/M2AnjeKHz6XYMhIpZkjOxFvcw==
    dependencies:
      abortcontroller-polyfill "^1.4.0"
      lodash.throttle "^4.1.1"
  
  "@uppy/webcam@^1.8.13":
    version "1.8.13"
    resolved "https://registry.yarnpkg.com/@uppy/webcam/-/webcam-1.8.13.tgz#33a6d8c771c6b589eafee94eec8ed854a435c39d"
    integrity sha512-DN9hPe9u9FRerGXTl4TgTMOYy2aMCXCK5Nu7FgMf7T+OT5qJmQcQ6ty4rEVlDTWdm45zmIpV1OG/dUb+iLcCjQ==
    dependencies:
      "@uppy/utils" "^3.6.2"
      preact "8.2.9"
  
  "@uppy/xhr-upload@^1.7.5":
    version "1.7.5"
    resolved "https://registry.yarnpkg.com/@uppy/xhr-upload/-/xhr-upload-1.7.5.tgz#990ba3e698503bd51534a59fd426096e37ef942b"
    integrity sha512-Itnc9j9k/PemcmT5KrZ1BEw3pTc6WJg0yyyOcE+hLO8Hjv60Fm7c/I2ZknarOroIjT1WiTSyuxTBPp+9UGkxNA==
    dependencies:
      "@uppy/companion-client" "^1.10.2"
      "@uppy/utils" "^3.6.2"
      cuid "^2.1.1"
  
  abortcontroller-polyfill@^1.4.0:
    version "1.7.5"
    resolved "https://registry.yarnpkg.com/abortcontroller-polyfill/-/abortcontroller-polyfill-1.7.5.tgz#6738495f4e901fbb57b6c0611d0c75f76c485bed"
    integrity sha512-JMJ5soJWP18htbbxJjG7bG6yuI6pRhgJ0scHHTfkUjf6wjP912xZWvM+A4sJK3gqd9E8fcPbDnOefbA9Th/FIQ==
  
  after@0.8.2:
    version "0.8.2"
    resolved "https://registry.yarnpkg.com/after/-/after-0.8.2.tgz#fedb394f9f0e02aa9768e702bda23b505fae7e1f"
    integrity sha512-QbJ0NTQ/I9DI3uSJA4cbexiwQeRAfjPScqIbSjUDd9TOrcg6pTkdgziesOqxBMBzit8vFCTwrP27t13vFOORRA==
  
  arraybuffer.slice@~0.0.7:
    version "0.0.7"
    resolved "https://registry.yarnpkg.com/arraybuffer.slice/-/arraybuffer.slice-0.0.7.tgz#3bbc4275dd584cc1b10809b89d4e8b63a69e7675"
    integrity sha512-wGUIVQXuehL5TCqQun8OW81jGzAWycqzFF8lFp+GOM5BXLYj3bKNsYC4daB7n6XjCqxQA/qgTJ+8ANR3acjrog==
  
  async-limiter@~1.0.0:
    version "1.0.1"
    resolved "https://registry.yarnpkg.com/async-limiter/-/async-limiter-1.0.1.tgz#dd379e94f0db8310b08291f9d64c3209766617fd"
    integrity sha512-csOlWGAcRFJaI6m+F2WKdnMKr4HhdhFVBk0H/QbJFMCr+uO2kwohwXQPxw/9OCxp05r5ghVBFSyioixx3gfkNQ==
  
  backo2@1.0.2:
    version "1.0.2"
    resolved "https://registry.yarnpkg.com/backo2/-/backo2-1.0.2.tgz#31ab1ac8b129363463e35b3ebb69f4dfcfba7947"
    integrity sha512-zj6Z6M7Eq+PBZ7PQxl5NT665MvJdAkzp0f60nAJ+sLaSCBPMwVak5ZegFbgVCzFcCJTKFoMizvM5Ld7+JrRJHA==
  
  base64-arraybuffer@0.1.5:
    version "0.1.5"
    resolved "https://registry.yarnpkg.com/base64-arraybuffer/-/base64-arraybuffer-0.1.5.tgz#73926771923b5a19747ad666aa5cd4bf9c6e9ce8"
    integrity sha512-437oANT9tP582zZMwSvZGy2nmSeAb8DW2me3y+Uv1Wp2Rulr8Mqlyrv3E7MLxmsiaPSMMDmiDVzgE+e8zlMx9g==
  
  better-assert@~1.0.0:
    version "1.0.2"
    resolved "https://registry.yarnpkg.com/better-assert/-/better-assert-1.0.2.tgz#40866b9e1b9e0b55b481894311e68faffaebc522"
    integrity sha512-bYeph2DFlpK1XmGs6fvlLRUN29QISM3GBuUwSFsMY2XRx4AvC0WNCS57j4c/xGrK2RS24C1w3YoBOsw9fT46tQ==
    dependencies:
      callsite "1.0.0"
  
  blob@0.0.5:
    version "0.0.5"
    resolved "https://registry.yarnpkg.com/blob/-/blob-0.0.5.tgz#d680eeef25f8cd91ad533f5b01eed48e64caf683"
    integrity sha512-gaqbzQPqOoamawKg0LGVd7SzLgXS+JH61oWprSLH+P+abTczqJbhTR8CmJ2u9/bUYNmHTGJx/UEmn6doAvvuig==
  
  buffer-from@^1.1.2:
    version "1.1.2"
    resolved "https://registry.yarnpkg.com/buffer-from/-/buffer-from-1.1.2.tgz#2b146a6fd72e80b4f55d255f35ed59a3a9a41bd5"
    integrity sha512-E+XQCRwSbaaiChtv6k6Dwgc+bx+Bs6vuKJHHl5kox/BaKbhiXzqQOwK4cO22yElGp2OCmjwVhT3HmxgyPGnJfQ==
  
  callsite@1.0.0:
    version "1.0.0"
    resolved "https://registry.yarnpkg.com/callsite/-/callsite-1.0.0.tgz#280398e5d664bd74038b6f0905153e6e8af1bc20"
    integrity sha512-0vdNRFXn5q+dtOqjfFtmtlI9N2eVZ7LMyEV2iKC5mEEFvSg/69Ml6b/WU2qF8W1nLRa0wiSrDT3Y5jOHZCwKPQ==
  
  classnames@^2.2.6:
    version "2.3.2"
    resolved "https://registry.yarnpkg.com/classnames/-/classnames-2.3.2.tgz#351d813bf0137fcc6a76a16b88208d2560a0d924"
    integrity sha512-CSbhY4cFEJRe6/GQzIk5qXZ4Jeg5pcsP7b5peFSDpffpe1cqjASH/n9UTjBwOp6XpMSTwQ8Za2K5V02ueA7Tmw==
  
  combine-errors@^3.0.3:
    version "3.0.3"
    resolved "https://registry.yarnpkg.com/combine-errors/-/combine-errors-3.0.3.tgz#f4df6740083e5703a3181110c2b10551f003da86"
    integrity sha512-C8ikRNRMygCwaTx+Ek3Yr+OuZzgZjduCOfSQBjbM8V3MfgcjSTeto/GXP6PAwKvJz/v15b7GHZvx5rOlczFw/Q==
    dependencies:
      custom-error-instance "2.1.1"
      lodash.uniqby "4.5.0"
  
  component-bind@1.0.0:
    version "1.0.0"
    resolved "https://registry.yarnpkg.com/component-bind/-/component-bind-1.0.0.tgz#00c608ab7dcd93897c0009651b1d3a8e1e73bbd1"
    integrity sha512-WZveuKPeKAG9qY+FkYDeADzdHyTYdIboXS59ixDeRJL5ZhxpqUnxSOwop4FQjMsiYm3/Or8cegVbpAHNA7pHxw==
  
  component-emitter@1.2.1:
    version "1.2.1"
    resolved "https://registry.yarnpkg.com/component-emitter/-/component-emitter-1.2.1.tgz#137918d6d78283f7df7a6b7c5a63e140e69425e6"
    integrity sha512-jPatnhd33viNplKjqXKRkGU345p263OIWzDL2wH3LGIGp5Kojo+uXizHmOADRvhGFFTnJqX3jBAKP6vvmSDKcA==
  
  component-emitter@^1.2.1, component-emitter@~1.3.0:
    version "1.3.0"
    resolved "https://registry.yarnpkg.com/component-emitter/-/component-emitter-1.3.0.tgz#16e4070fba8ae29b679f2215853ee181ab2eabc0"
    integrity sha512-Rd3se6QB+sO1TwqZjscQrurpEPIfO0/yYnSin6Q/rD3mOutHvUrCAhJub3r90uNb+SESBuE0QYoB90YdfatsRg==
  
  component-inherit@0.0.3:
    version "0.0.3"
    resolved "https://registry.yarnpkg.com/component-inherit/-/component-inherit-0.0.3.tgz#645fc4adf58b72b649d5cae65135619db26ff143"
    integrity sha512-w+LhYREhatpVqTESyGFg3NlP6Iu0kEKUHETY9GoZP/pQyW4mHFZuFWRUCIqVPZ36ueVLtoOEZaAqbCF2RDndaA==
  
  cropperjs@1.5.7:
    version "1.5.7"
    resolved "https://registry.yarnpkg.com/cropperjs/-/cropperjs-1.5.7.tgz#b65019725bae1c6285e881fb661b2141fa57025b"
    integrity sha512-sGj+G/ofKh+f6A4BtXLJwtcKJgMUsXYVUubfTo9grERiDGXncttefmue/fyQFvn8wfdyoD1KhDRYLfjkJFl0yw==
  
  cuid@^2.1.1:
    version "2.1.8"
    resolved "https://registry.yarnpkg.com/cuid/-/cuid-2.1.8.tgz#cbb88f954171e0d5747606c0139fb65c5101eac0"
    integrity sha512-xiEMER6E7TlTPnDxrM4eRiC6TRgjNX9xzEZ5U/Se2YJKr7Mq4pJn/2XEHjl3STcSh96GmkHPcBXLES8M29wyyg==
  
  custom-error-instance@2.1.1:
    version "2.1.1"
    resolved "https://registry.yarnpkg.com/custom-error-instance/-/custom-error-instance-2.1.1.tgz#3cf6391487a6629a6247eb0ca0ce00081b7e361a"
    integrity sha512-p6JFxJc3M4OTD2li2qaHkDCw9SfMw82Ldr6OC9Je1aXiGfhx2W8p3GaoeaGrPJTUN9NirTM/KTxHWMUdR1rsUg==
  
  debug@~3.1.0:
    version "3.1.0"
    resolved "https://registry.yarnpkg.com/debug/-/debug-3.1.0.tgz#5bb5a0672628b64149566ba16819e61518c67261"
    integrity sha512-OX8XqP7/1a9cqkxYw2yXss15f26NKWBpDXQd0/uK/KPqdQhxbPa994hnzjcE2VqQpDslf55723cKPUOGSmMY3g==
    dependencies:
      ms "2.0.0"
  
  engine.io-client@~3.3.1:
    version "3.3.3"
    resolved "https://registry.yarnpkg.com/engine.io-client/-/engine.io-client-3.3.3.tgz#aeb45695ced81b787a8a10c92b0bc226b1cb3c53"
    integrity sha512-PXIgpzb1brtBzh8Q6vCjzCMeu4nfEPmaDm+L3Qb2sVHwLkxC1qRiBMSjOB0NJNjZ0hbPNUKQa+s8J2XxLOIEeQ==
    dependencies:
      component-emitter "1.2.1"
      component-inherit "0.0.3"
      debug "~3.1.0"
      engine.io-parser "~2.1.1"
      has-cors "1.1.0"
      indexof "0.0.1"
      parseqs "0.0.5"
      parseuri "0.0.5"
      ws "~6.1.0"
      xmlhttprequest-ssl "~1.6.3"
      yeast "0.1.2"
  
  engine.io-parser@~2.1.1:
    version "2.1.3"
    resolved "https://registry.yarnpkg.com/engine.io-parser/-/engine.io-parser-2.1.3.tgz#757ab970fbf2dfb32c7b74b033216d5739ef79a6"
    integrity sha512-6HXPre2O4Houl7c4g7Ic/XzPnHBvaEmN90vtRO9uLmwtRqQmTOw0QMevL1TOfL2Cpu1VzsaTmMotQgMdkzGkVA==
    dependencies:
      after "0.8.2"
      arraybuffer.slice "~0.0.7"
      base64-arraybuffer "0.1.5"
      blob "0.0.5"
      has-binary2 "~1.0.2"
  
  exifr@^6.0.0:
    version "6.3.0"
    resolved "https://registry.yarnpkg.com/exifr/-/exifr-6.3.0.tgz#ba6a49c0a30372a969d109684e1cd8450a05ba43"
    integrity sha512-NCSOP15py+4QyvD90etFN0QOVj12ygVE8kfEDG8GDc+SXf9YAOxua2x5kGp6WvxbGjufA5C3r/1ZKHOpHbEWFg==
  
  get-form-data@^2.0.0:
    version "2.0.0"
    resolved "https://registry.yarnpkg.com/get-form-data/-/get-form-data-2.0.0.tgz#f211018ea617cc54678522235f0e2a9025d89411"
    integrity sha512-YUpw0aTWeGliifqMYrTohe/YdqVmKLmaNwuscd2WlRNGfba57JHGuuvvv2c6LiZdFys285POVWANTh6SqcwFag==
  
  graceful-fs@^4.1.2:
    version "4.2.10"
    resolved "https://registry.yarnpkg.com/graceful-fs/-/graceful-fs-4.2.10.tgz#147d3a006da4ca3ce14728c7aefc287c367d7a6c"
    integrity sha512-9ByhssR2fPVsNZj478qUUbKfmL0+t5BDVyjShtyZZLiK7ZDAArFFfopyOTj0M05wE2tJPisA4iTnnXl2YoPvOA==
  
  has-binary2@~1.0.2:
    version "1.0.3"
    resolved "https://registry.yarnpkg.com/has-binary2/-/has-binary2-1.0.3.tgz#7776ac627f3ea77250cfc332dab7ddf5e4f5d11d"
    integrity sha512-G1LWKhDSvhGeAQ8mPVQlqNcOB2sJdwATtZKl2pDKKHfpf/rYj24lkinxf69blJbnsvtqqNU+L3SL50vzZhXOnw==
    dependencies:
      isarray "2.0.1"
  
  has-cors@1.1.0:
    version "1.1.0"
    resolved "https://registry.yarnpkg.com/has-cors/-/has-cors-1.1.0.tgz#5e474793f7ea9843d1bb99c23eef49ff126fff39"
    integrity sha512-g5VNKdkFuUuVCP9gYfDJHjK2nqdQJ7aDLTnycnc2+RvsOQbuLdF5pm7vuE5J76SEBIQjs4kQY/BWq74JUmjbXA==
  
  indexof@0.0.1:
    version "0.0.1"
    resolved "https://registry.yarnpkg.com/indexof/-/indexof-0.0.1.tgz#82dc336d232b9062179d05ab3293a66059fd435d"
    integrity sha512-i0G7hLJ1z0DE8dsqJa2rycj9dBmNKgXBvotXtZYXakU9oivfB9Uj2ZBC27qqef2U58/ZLwalxa1X/RDCdkHtVg==
  
  is-shallow-equal@^1.0.1:
    version "1.0.1"
    resolved "https://registry.yarnpkg.com/is-shallow-equal/-/is-shallow-equal-1.0.1.tgz#c410b51eb1c12ee50cd02891d32d1691a132d73c"
    integrity sha512-lq5RvK+85Hs5J3p4oA4256M1FEffzmI533ikeDHvJd42nouRRx5wBzt36JuviiGe5dIPyHON/d0/Up+PBo6XkQ==
  
  is-stream@^2.0.0:
    version "2.0.1"
    resolved "https://registry.yarnpkg.com/is-stream/-/is-stream-2.0.1.tgz#fac1e3d53b97ad5a9d0ae9cef2389f5810a5c077"
    integrity sha512-hFoiJiTl63nn+kstHGBtewWSKnQLpyb155KHheA1l39uvtO9nWIop1p3udqPcUd/xbF1VLMO4n7OI6p7RbngDg==
  
  isarray@2.0.1:
    version "2.0.1"
    resolved "https://registry.yarnpkg.com/isarray/-/isarray-2.0.1.tgz#a37d94ed9cda2d59865c9f76fe596ee1f338741e"
    integrity sha512-c2cu3UxbI+b6kR3fy0nRnAhodsvR9dx7U5+znCOzdj6IfP3upFURTr0Xl5BlQZNKZjEtxrmVyfSdeE3O57smoQ==
  
  js-base64@^2.6.1:
    version "2.6.4"
    resolved "https://registry.yarnpkg.com/js-base64/-/js-base64-2.6.4.tgz#f4e686c5de1ea1f867dbcad3d46d969428df98c4"
    integrity sha512-pZe//GGmwJndub7ZghVHz7vjb2LgC1m8B07Au3eYqeqv9emhESByMXxaEgkUkEqJe87oBbSniGYoQNIBklc7IQ==
  
  lodash._baseiteratee@~4.7.0:
    version "4.7.0"
    resolved "https://registry.yarnpkg.com/lodash._baseiteratee/-/lodash._baseiteratee-4.7.0.tgz#34a9b5543572727c3db2e78edae3c0e9e66bd102"
    integrity sha512-nqB9M+wITz0BX/Q2xg6fQ8mLkyfF7MU7eE+MNBNjTHFKeKaZAPEzEg+E8LWxKWf1DQVflNEn9N49yAuqKh2mWQ==
    dependencies:
      lodash._stringtopath "~4.8.0"
  
  lodash._basetostring@~4.12.0:
    version "4.12.0"
    resolved "https://registry.yarnpkg.com/lodash._basetostring/-/lodash._basetostring-4.12.0.tgz#9327c9dc5158866b7fa4b9d42f4638e5766dd9df"
    integrity sha512-SwcRIbyxnN6CFEEK4K1y+zuApvWdpQdBHM/swxP962s8HIxPO3alBH5t3m/dl+f4CMUug6sJb7Pww8d13/9WSw==
  
  lodash._baseuniq@~4.6.0:
    version "4.6.0"
    resolved "https://registry.yarnpkg.com/lodash._baseuniq/-/lodash._baseuniq-4.6.0.tgz#0ebb44e456814af7905c6212fa2c9b2d51b841e8"
    integrity sha512-Ja1YevpHZctlI5beLA7oc5KNDhGcPixFhcqSiORHNsp/1QTv7amAXzw+gu4YOvErqVlMVyIJGgtzeepCnnur0A==
    dependencies:
      lodash._createset "~4.0.0"
      lodash._root "~3.0.0"
  
  lodash._createset@~4.0.0:
    version "4.0.3"
    resolved "https://registry.yarnpkg.com/lodash._createset/-/lodash._createset-4.0.3.tgz#0f4659fbb09d75194fa9e2b88a6644d363c9fe26"
    integrity sha512-GTkC6YMprrJZCYU3zcqZj+jkXkrXzq3IPBcF/fIPpNEAB4hZEtXU8zp/RwKOvZl43NUmwDbyRk3+ZTbeRdEBXA==
  
  lodash._root@~3.0.0:
    version "3.0.1"
    resolved "https://registry.yarnpkg.com/lodash._root/-/lodash._root-3.0.1.tgz#fba1c4524c19ee9a5f8136b4609f017cf4ded692"
    integrity sha512-O0pWuFSK6x4EXhM1dhZ8gchNtG7JMqBtrHdoUFUWXD7dJnNSUze1GuyQr5sOs0aCvgGeI3o/OJW8f4ca7FDxmQ==
  
  lodash._stringtopath@~4.8.0:
    version "4.8.0"
    resolved "https://registry.yarnpkg.com/lodash._stringtopath/-/lodash._stringtopath-4.8.0.tgz#941bcf0e64266e5fc1d66fed0a6959544c576824"
    integrity sha512-SXL66C731p0xPDC5LZg4wI5H+dJo/EO4KTqOMwLYCH3+FmmfAKJEZCm6ohGpI+T1xwsDsJCfL4OnhorllvlTPQ==
    dependencies:
      lodash._basetostring "~4.12.0"
  
  lodash.debounce@^4.0.8:
    version "4.0.8"
    resolved "https://registry.yarnpkg.com/lodash.debounce/-/lodash.debounce-4.0.8.tgz#82d79bff30a67c4005ffd5e2515300ad9ca4d7af"
    integrity sha512-FT1yDzDYEoYWhnSGnpE/4Kj1fLZkDFyqRb7fNt6FdYOSxlUWAtp42Eh6Wb0rGIv/m9Bgo7x4GhQbm5Ys4SG5ow==
  
  lodash.throttle@^4.1.1:
    version "4.1.1"
    resolved "https://registry.yarnpkg.com/lodash.throttle/-/lodash.throttle-4.1.1.tgz#c23e91b710242ac70c37f1e1cda9274cc39bf2f4"
    integrity sha512-wIkUCfVKpVsWo3JSZlc+8MB5it+2AN5W8J7YVMST30UrvcQNZ1Okbj+rbVniijTWE6FGYy4XJq/rHkas8qJMLQ==
  
  lodash.uniqby@4.5.0:
    version "4.5.0"
    resolved "https://registry.yarnpkg.com/lodash.uniqby/-/lodash.uniqby-4.5.0.tgz#a3a17bbf62eeb6240f491846e97c1c4e2a5e1e21"
    integrity sha512-IRt7cfTtHy6f1aRVA5n7kT8rgN3N1nH6MOWLcHfpWG2SH19E3JksLK38MktLxZDhlAjCP9jpIXkOnRXlu6oByQ==
    dependencies:
      lodash._baseiteratee "~4.7.0"
      lodash._baseuniq "~4.6.0"
  
  math-log2@^1.0.1:
    version "1.0.1"
    resolved "https://registry.yarnpkg.com/math-log2/-/math-log2-1.0.1.tgz#fb8941be5f5ebe8979e718e6273b178e58694565"
    integrity sha512-9W0yGtkaMAkf74XGYVy4Dqw3YUMnTNB2eeiw9aQbUl4A3KmuCEHTt2DgAB07ENzOYAjsYSAYufkAq0Zd+jU7zA==
  
  memoize-one@^5.0.4:
    version "5.2.1"
    resolved "https://registry.yarnpkg.com/memoize-one/-/memoize-one-5.2.1.tgz#8337aa3c4335581839ec01c3d594090cebe8f00e"
    integrity sha512-zYiwtZUcYyXKo/np96AGZAckk+FWWsUdJ3cHGGmld7+AhvcWmQyGCYUh1hc4Q/pkOhb65dQR/pqCyK0cOaHz4Q==
  
  mime-match@^1.0.2:
    version "1.0.2"
    resolved "https://registry.yarnpkg.com/mime-match/-/mime-match-1.0.2.tgz#3f87c31e9af1a5fd485fb9db134428b23bbb7ba8"
    integrity sha512-VXp/ugGDVh3eCLOBCiHZMYWQaTNUHv2IJrut+yXA6+JbLPXHglHwfS/5A5L0ll+jkCY7fIzRJcH6OIunF+c6Cg==
    dependencies:
      wildcard "^1.1.0"
  
  ms@2.0.0:
    version "2.0.0"
    resolved "https://registry.yarnpkg.com/ms/-/ms-2.0.0.tgz#5608aeadfc00be6c2901df5f9861788de0d597c8"
    integrity sha512-Tpp60P6IUJDTuOq/5Z8cdskzJujfwqfOTkrwIwj7IRISpnkJnT6SyJ4PCPnGMoFjC9ddhal5KVIYtAt97ix05A==
  
  namespace-emitter@^2.0.1:
    version "2.0.1"
    resolved "https://registry.yarnpkg.com/namespace-emitter/-/namespace-emitter-2.0.1.tgz#978d51361c61313b4e6b8cf6f3853d08dfa2b17c"
    integrity sha512-N/sMKHniSDJBjfrkbS/tpkPj4RAbvW3mr8UAzvlMHyun93XEm83IAvhWtJVHo+RHn/oO8Job5YN4b+wRjSVp5g==
  
  nanoid@^3.3.4:
    version "3.3.4"
    resolved "https://registry.yarnpkg.com/nanoid/-/nanoid-3.3.4.tgz#730b67e3cd09e2deacf03c027c81c9d9dbc5e8ab"
    integrity sha512-MqBkQh/OHTS2egovRtLk45wEyNXwF+cokD+1YPf9u5VfJiRdAiRwB2froX5Co9Rh20xs4siNPm8naNotSD6RBw==
  
  object-component@0.0.3:
    version "0.0.3"
    resolved "https://registry.yarnpkg.com/object-component/-/object-component-0.0.3.tgz#f0c69aa50efc95b866c186f400a33769cb2f1291"
    integrity sha512-S0sN3agnVh2SZNEIGc0N1X4Z5K0JeFbGBrnuZpsxuUh5XLF0BnvWkMjRXo/zGKLd/eghvNIKcx1pQkmUjXIyrA==
  
  parseqs@0.0.5:
    version "0.0.5"
    resolved "https://registry.yarnpkg.com/parseqs/-/parseqs-0.0.5.tgz#d5208a3738e46766e291ba2ea173684921a8b89d"
    integrity sha512-B3Nrjw2aL7aI4TDujOzfA4NsEc4u1lVcIRE0xesutH8kjeWF70uk+W5cBlIQx04zUH9NTBvuN36Y9xLRPK6Jjw==
    dependencies:
      better-assert "~1.0.0"
  
  parseuri@0.0.5:
    version "0.0.5"
    resolved "https://registry.yarnpkg.com/parseuri/-/parseuri-0.0.5.tgz#80204a50d4dbb779bfdc6ebe2778d90e4bce320a"
    integrity sha512-ijhdxJu6l5Ru12jF0JvzXVPvsC+VibqeaExlNoMhWN6VQ79PGjkmc7oA4W1lp00sFkNyj0fx6ivPLdV51/UMog==
    dependencies:
      better-assert "~1.0.0"
  
  picocolors@^1.0.0:
    version "1.0.0"
    resolved "https://registry.yarnpkg.com/picocolors/-/picocolors-1.0.0.tgz#cb5bdc74ff3f51892236eaf79d68bc44564ab81c"
    integrity sha512-1fygroTLlHu66zi26VoTDv8yRgm0Fccecssto+MhsZ0D/DGW2sm8E8AjW7NU5VVTRt5GxbeZ5qBuJr+HyLYkjQ==
  
  postcss@^8.4.17:
    version "8.4.21"
    resolved "https://registry.yarnpkg.com/postcss/-/postcss-8.4.21.tgz#c639b719a57efc3187b13a1d765675485f4134f4"
    integrity sha512-tP7u/Sn/dVxK2NnruI4H9BG+x+Wxz6oeZ1cJ8P6G/PZY0IKk4k/63TDsQf2kQq3+qoJeLm2kIBUNlZe3zgb4Zg==
    dependencies:
      nanoid "^3.3.4"
      picocolors "^1.0.0"
      source-map-js "^1.0.2"
  
  preact@8.2.9:
    version "8.2.9"
    resolved "https://registry.yarnpkg.com/preact/-/preact-8.2.9.tgz#813ba9dd45e5d97c5ea0d6c86d375b3be711cc40"
    integrity sha512-ThuGXBmJS3VsT+jIP+eQufD3L8pRw/PY3FoCys6O9Pu6aF12Pn9zAJDX99TfwRAFOCEKm/P0lwiPTbqKMJp0fA==
  
  proper-lockfile@^2.0.1:
    version "2.0.1"
    resolved "https://registry.yarnpkg.com/proper-lockfile/-/proper-lockfile-2.0.1.tgz#159fb06193d32003f4b3691dd2ec1a634aa80d1d"
    integrity sha512-rjaeGbsmhNDcDInmwi4MuI6mRwJu6zq8GjYCLuSuE7GF+4UjgzkL69sVKKJ2T2xH61kK7rXvGYpvaTu909oXaQ==
    dependencies:
      graceful-fs "^4.1.2"
      retry "^0.10.0"
  
  qs-stringify@^1.1.0:
    version "1.2.1"
    resolved "https://registry.yarnpkg.com/qs-stringify/-/qs-stringify-1.2.1.tgz#9b39ef6b816bd83309628fc9dad435fc0eccc28b"
    integrity sha512-2N5xGLGZUxpgAYq1fD1LmBSCbxQVsXYt5JU0nU3FuPWO8PlCnKNFQwXkZgyB6mrTdg7IbexX4wxIR403dJw9pw==
  
  querystringify@^2.1.1:
    version "2.2.0"
    resolved "https://registry.yarnpkg.com/querystringify/-/querystringify-2.2.0.tgz#3345941b4153cb9d082d8eee4cda2016a9aef7f6"
    integrity sha512-FIqgj2EUvTa7R50u0rGsyTftzjYmv/a3hO345bZNrqabNqjtgiDMgmo4mkUjd+nzU5oF3dClKqFIPUKybUyqoQ==
  
  requires-port@^1.0.0:
    version "1.0.0"
    resolved "https://registry.yarnpkg.com/requires-port/-/requires-port-1.0.0.tgz#925d2601d39ac485e091cf0da5c6e694dc3dcaff"
    integrity sha512-KigOCHcocU3XODJxsu8i/j8T9tzT4adHiecwORRQ0ZZFcp7ahwXuRU1m+yuO90C5ZUyGeGfocHDI14M3L3yDAQ==
  
  resize-observer-polyfill@^1.5.0:
    version "1.5.1"
    resolved "https://registry.yarnpkg.com/resize-observer-polyfill/-/resize-observer-polyfill-1.5.1.tgz#0e9020dd3d21024458d4ebd27e23e40269810464"
    integrity sha512-LwZrotdHOo12nQuZlHEmtuXdqGoOD0OhaxopaNFxWzInpEgaLWoVuAMbTzixuosCx2nEG58ngzW3vxdWoxIgdg==
  
  retry@^0.10.0:
    version "0.10.1"
    resolved "https://registry.yarnpkg.com/retry/-/retry-0.10.1.tgz#e76388d217992c252750241d3d3956fed98d8ff4"
    integrity sha512-ZXUSQYTHdl3uS7IuCehYfMzKyIDBNoAuUblvy5oGO5UJSUTmStUUVPXbA9Qxd173Bgre53yCQczQuHgRWAdvJQ==
  
  select2@^4.1.0-rc.0:
    version "4.1.0-rc.0"
    resolved "https://registry.yarnpkg.com/select2/-/select2-4.1.0-rc.0.tgz#ba3cd3901dda0155e1c0219ab41b74ba51ea22d8"
    integrity sha512-Hr9TdhyHCZUtwznEH2CBf7967mEM0idtJ5nMtjvk3Up5tPukOLXbHUNmh10oRfeNIhj+3GD3niu+g6sVK+gK0A==
  
  socket.io-client@~2.2.0:
    version "2.2.0"
    resolved "https://registry.yarnpkg.com/socket.io-client/-/socket.io-client-2.2.0.tgz#84e73ee3c43d5020ccc1a258faeeb9aec2723af7"
    integrity sha512-56ZrkTDbdTLmBIyfFYesgOxsjcLnwAKoN4CiPyTVkMQj3zTUh0QAx3GbvIvLpFEOvQWu92yyWICxB0u7wkVbYA==
    dependencies:
      backo2 "1.0.2"
      base64-arraybuffer "0.1.5"
      component-bind "1.0.0"
      component-emitter "1.2.1"
      debug "~3.1.0"
      engine.io-client "~3.3.1"
      has-binary2 "~1.0.2"
      has-cors "1.1.0"
      indexof "0.0.1"
      object-component "0.0.3"
      parseqs "0.0.5"
      parseuri "0.0.5"
      socket.io-parser "~3.3.0"
      to-array "0.1.4"
  
  socket.io-parser@~3.3.0:
    version "3.3.3"
    resolved "https://registry.yarnpkg.com/socket.io-parser/-/socket.io-parser-3.3.3.tgz#3a8b84823eba87f3f7624e64a8aaab6d6318a72f"
    integrity sha512-qOg87q1PMWWTeO01768Yh9ogn7chB9zkKtQnya41Y355S0UmpXgpcrFwAgjYJxu9BdKug5r5e9YtVSeWhKBUZg==
    dependencies:
      component-emitter "~1.3.0"
      debug "~3.1.0"
      isarray "2.0.1"
  
  source-map-js@^1.0.2:
    version "1.0.2"
    resolved "https://registry.yarnpkg.com/source-map-js/-/source-map-js-1.0.2.tgz#adbc361d9c62df380125e7f161f71c826f1e490c"
    integrity sha512-R0XvVJ9WusLiqTCEiGCmICCMplcCkIwwR11mOSD9CR5u+IXYdiseeEuXCVAjS54zqwkLcPNnmU4OeJ6tUrWhDw==
  
  to-array@0.1.4:
    version "0.1.4"
    resolved "https://registry.yarnpkg.com/to-array/-/to-array-0.1.4.tgz#17e6c11f73dd4f3d74cda7a4ff3238e9ad9bf890"
    integrity sha512-LhVdShQD/4Mk4zXNroIQZJC+Ap3zgLcDuwEdcmLv9CCO73NWockQDwyUnW/m8VX/EElfL6FcYx7EeutN4HJA6A==
  
  trumbowyg@^2.25.2:
    version "2.26.0"
    resolved "https://registry.yarnpkg.com/trumbowyg/-/trumbowyg-2.26.0.tgz#228385e0e7737fa42eed4a9539a195b977d1c480"
    integrity sha512-PbcoeAIoddI9lK3Gcty079wdplc2Tfp2yZRdSlkJpekiYiPgEqsvy70znkZH3vIofK7LFPpN2uz7qUaVg1CxoQ==
  
  tus-js-client@^2.1.1:
    version "2.3.2"
    resolved "https://registry.yarnpkg.com/tus-js-client/-/tus-js-client-2.3.2.tgz#ec7007cf0d9a1eecf57977b7a015404c5e9cb2a6"
    integrity sha512-5a2rm7gp+G7Z+ZB0AO4PzD/dwczB3n1fZeWO5W8AWLJ12RRk1rY4Aeb2VAYX9oKGE+/rGPrdxoFPA/vDSVKnpg==
    dependencies:
      buffer-from "^1.1.2"
      combine-errors "^3.0.3"
      is-stream "^2.0.0"
      js-base64 "^2.6.1"
      lodash.throttle "^4.1.1"
      proper-lockfile "^2.0.1"
      url-parse "^1.5.7"
  
  uppy@^1.26.1:
    version "1.31.1"
    resolved "https://registry.yarnpkg.com/uppy/-/uppy-1.31.1.tgz#25b332a0a84eb4cdf852281a9aaca597801c2dc6"
    integrity sha512-z8E7YNamgJJr89nGBSXwT/21KfRYts7t9zI/ZJMYOnq8D/qq38qt1L/QTvpFPBn9E/YPck/tRjobZTlOgMlnGQ==
    dependencies:
      "@uppy/aws-s3" "^1.8.0"
      "@uppy/aws-s3-multipart" "^1.8.18"
      "@uppy/box" "^0.3.12"
      "@uppy/companion-client" "^1.10.2"
      "@uppy/core" "^1.20.1"
      "@uppy/dashboard" "^1.21.1"
      "@uppy/drag-drop" "^1.4.31"
      "@uppy/drop-target" "^0.2.4"
      "@uppy/dropbox" "^1.5.2"
      "@uppy/facebook" "^1.2.2"
      "@uppy/file-input" "^1.5.2"
      "@uppy/form" "^1.3.31"
      "@uppy/golden-retriever" "^1.4.2"
      "@uppy/google-drive" "^1.7.2"
      "@uppy/image-editor" "^0.4.0"
      "@uppy/informer" "^1.6.6"
      "@uppy/instagram" "^1.5.2"
      "@uppy/onedrive" "^1.2.2"
      "@uppy/progress-bar" "^1.3.30"
      "@uppy/provider-views" "^1.12.3"
      "@uppy/redux-dev-tools" "^1.3.9"
      "@uppy/screen-capture" "^1.1.0"
      "@uppy/status-bar" "^1.9.6"
      "@uppy/store-default" "^1.2.7"
      "@uppy/store-redux" "^1.2.8"
      "@uppy/thumbnail-generator" "^1.7.11"
      "@uppy/transloadit" "^1.7.0"
      "@uppy/tus" "^1.9.2"
      "@uppy/unsplash" "^0.1.13"
      "@uppy/url" "^1.5.23"
      "@uppy/webcam" "^1.8.13"
      "@uppy/xhr-upload" "^1.7.5"
  
  url-parse@^1.4.7, url-parse@^1.5.7:
    version "1.5.10"
    resolved "https://registry.yarnpkg.com/url-parse/-/url-parse-1.5.10.tgz#9d3c2f736c1d75dd3bd2be507dcc111f1e2ea9c1"
    integrity sha512-WypcfiRhfeUP9vvF0j6rw0J3hrWrw6iZv3+22h6iRMJ/8z1Tj6XfLP4DsUix5MhMPnXpiHDoKyoZ/bdCkwBCiQ==
    dependencies:
      querystringify "^2.1.1"
      requires-port "^1.0.0"
  
  vanilla-nested@^1.7.0:
    version "1.7.0"
    resolved "https://registry.yarnpkg.com/vanilla-nested/-/vanilla-nested-1.7.0.tgz#fc1e8193ea8c76dfe3df96903c382b421c959095"
    integrity sha512-wA5Y+IoyzBNiMbvxdD6flN0iPCUi78beB2HzJ91G6iUB7S/WWCAiCgCZoCrlG4pHk4fJPIxyAgTVQHZA17CGSQ==
  
  wildcard@^1.1.0:
    version "1.1.2"
    resolved "https://registry.yarnpkg.com/wildcard/-/wildcard-1.1.2.tgz#a7020453084d8cd2efe70ba9d3696263de1710a5"
    integrity sha512-DXukZJxpHA8LuotRwL0pP1+rS6CS7FF2qStDDE1C7DDg2rLud2PXRMuEDYIPhgEezwnlHNL4c+N6MfMTjCGTng==
  
  ws@~6.1.0:
    version "6.1.4"
    resolved "https://registry.yarnpkg.com/ws/-/ws-6.1.4.tgz#5b5c8800afab925e94ccb29d153c8d02c1776ef9"
    integrity sha512-eqZfL+NE/YQc1/ZynhojeV8q+H050oR8AZ2uIev7RU10svA9ZnJUddHcOUZTJLinZ9yEfdA2kSATS2qZK5fhJA==
    dependencies:
      async-limiter "~1.0.0"
  
  xmlhttprequest-ssl@~1.6.3:
    version "1.6.3"
    resolved "https://registry.yarnpkg.com/xmlhttprequest-ssl/-/xmlhttprequest-ssl-1.6.3.tgz#03b713873b01659dfa2c1c5d056065b27ddc2de6"
    integrity sha512-3XfeQE/wNkvrIktn2Kf0869fC0BN6UpydVasGIeSm2B1Llihf7/0UfZM+eCkOw3P7bP4+qPgqhm7ZoxuJtFU0Q==
  
  yeast@0.1.2:
    version "0.1.2"
    resolved "https://registry.yarnpkg.com/yeast/-/yeast-0.1.2.tgz#008e06d8094320c372dbc2f8ed76a0ca6c8ac419"
    integrity sha512-8HFIh676uyGYP6wP13R/j6OJ/1HwJ46snpvzE7aHAN3Ryqh2yX6Xox2B4CUmTwwOIzlG3Bs7ocsP5dZH/R1Qbg==
